<?xml version="1.0" encoding="UTF-8" ?>
<testsuite errors="0" failures="1" hostname="c-5af6e555.02-81-73746f1.cust.bredbandsbolaget.se" name="test.it.dbcSample.IncrementerTest" tests="1" time="0.077" timestamp="2013-05-23T09:02:04">
  <properties>
    <property name="java.vendor" value="Apple Inc." />
    <property name="compiler.debug" value="on" />
    <property name="project.jdk.classpath" value="jdk.classpath.1.6" />
    <property name="sun.java.launcher" value="SUN_STANDARD" />
    <property name="jikes.class.path" value=":/System/Library/Java/JavaVirtualMachines/1.6.0.jdk/Contents/Home/../Classes/alt-rt.jar:/System/Library/Java/JavaVirtualMachines/1.6.0.jdk/Contents/Home/../Classes/alt-string.jar:/System/Library/Java/JavaVirtualMachines/1.6.0.jdk/Contents/Home/../Classes/charsets.jar:/System/Library/Java/JavaVirtualMachines/1.6.0.jdk/Contents/Home/../Classes/classes.jar:/System/Library/Java/JavaVirtualMachines/1.6.0.jdk/Contents/Home/../Classes/dt.jar:/System/Library/Java/JavaVirtualMachines/1.6.0.jdk/Contents/Home/../Classes/jce.jar:/System/Library/Java/JavaVirtualMachines/1.6.0.jdk/Contents/Home/../Classes/jconsole.jar:/System/Library/Java/JavaVirtualMachines/1.6.0.jdk/Contents/Home/../Classes/jsse.jar:/System/Library/Java/JavaVirtualMachines/1.6.0.jdk/Contents/Home/../Classes/management-agent.jar:/System/Library/Java/JavaVirtualMachines/1.6.0.jdk/Contents/Home/../Classes/ui.jar" />
    <property name="sun.management.compiler" value="HotSpot 64-Bit Tiered Compilers" />
    <property name="dbcsample.output.dir" value="/Users/Tonyx/gitProjects/dbcWalletAndMoney/out/production/dbcSample" />
    <property name="os.name" value="Mac OS X" />
    <property name="sun.boot.class.path" value="/System/Library/Java/JavaVirtualMachines/1.6.0.jdk/Contents/Classes/jsfd.jar:/System/Library/Java/JavaVirtualMachines/1.6.0.jdk/Contents/Classes/classes.jar:/System/Library/Frameworks/JavaVM.framework/Frameworks/JavaRuntimeSupport.framework/Resources/Java/JavaRuntimeSupport.jar:/System/Library/Java/JavaVirtualMachines/1.6.0.jdk/Contents/Classes/ui.jar:/System/Library/Java/JavaVirtualMachines/1.6.0.jdk/Contents/Classes/laf.jar:/System/Library/Java/JavaVirtualMachines/1.6.0.jdk/Contents/Classes/sunrsasign.jar:/System/Library/Java/JavaVirtualMachines/1.6.0.jdk/Contents/Classes/jsse.jar:/System/Library/Java/JavaVirtualMachines/1.6.0.jdk/Contents/Classes/jce.jar:/System/Library/Java/JavaVirtualMachines/1.6.0.jdk/Contents/Classes/charsets.jar" />
    <property name="compiler.args" value="-processor com.google.java.contract.core.apt.AnnotationProcessor" />
    <property name="ant.file.dbcsample" value="/Users/Tonyx/gitProjects/dbcWalletAndMoney/macbuild.xml" />
    <property name="java.vm.specification.vendor" value="Sun Microsystems Inc." />
    <property name="ant.home" value="/usr/share/ant" />
    <property name="java.runtime.version" value="1.6.0_45-b06-451-11M4406" />
    <property name="path.variable.maven_repository" value="/Users/Tonyx/.m2/repository" />
    <property name="user.name" value="Tonyx" />
    <property name="module.dbcsample.basedir" value="/Users/Tonyx/gitProjects/dbcWalletAndMoney" />
    <property name="awt.nativeDoubleBuffering" value="true" />
    <property name="user.language" value="en" />
    <property name="sun.boot.library.path" value="/System/Library/Java/JavaVirtualMachines/1.6.0.jdk/Contents/Libraries" />
    <property name="ant.project.default-target" value="all" />
    <property name="ant.project.name" value="dbcsample" />
    <property name="java.version" value="1.6.0_45" />
    <property name="user.timezone" value="" />
    <property name="module.jdk.bin.dbcsample" value="/System/Library/Java/JavaVirtualMachines/1.6.0.jdk/Contents/Home/bin" />
    <property name="sun.arch.data.model" value="64" />
    <property name="http.nonProxyHosts" value="local|*.local|169.254/16|*.169.254/16" />
    <property name="java.endorsed.dirs" value="/System/Library/Java/JavaVirtualMachines/1.6.0.jdk/Contents/Home/lib/endorsed" />
    <property name="sun.cpu.isalist" value="" />
    <property name="sun.jnu.encoding" value="MacRoman" />
    <property name="file.encoding.pkg" value="sun.io" />
    <property name="file.separator" value="/" />
    <property name="java.specification.name" value="Java Platform API Specification" />
    <property name="project.jdk.bin" value="/System/Library/Java/JavaVirtualMachines/1.6.0.jdk/Contents/Home/bin" />
    <property name="java.class.version" value="50.0" />
    <property name="user.country" value="US" />
    <property name="java.home" value="/System/Library/Java/JavaVirtualMachines/1.6.0.jdk/Contents/Home" />
    <property name="ant.file.type.dbcsample" value="file" />
    <property name="java.vm.info" value="mixed mode" />
    <property name="ant.file" value="/Users/Tonyx/gitProjects/dbcWalletAndMoney/macbuild.xml" />
    <property name="os.version" value="10.8.3" />
    <property name="jdk.bin.1.6" value="/System/Library/Java/JavaVirtualMachines/1.6.0.jdk/Contents/Home/bin" />
    <property name="module.jdk.home.dbcsample" value="/System/Library/Java/JavaVirtualMachines/1.6.0.jdk/Contents/Home" />
    <property name="module.jdk.classpath.dbcsample" value="jdk.classpath.1.6" />
    <property name="path.separator" value=":" />
    <property name="java.vm.version" value="20.45-b01-451" />
    <property name="ant.library.dir" value="/usr/share/ant/lib" />
    <property name="java.awt.printerjob" value="apple.awt.CPrinterJob" />
    <property name="sun.io.unicode.encoding" value="UnicodeLittle" />
    <property name="awt.toolkit" value="apple.awt.CToolkit" />
    <property name="socksNonProxyHosts" value="local|*.local|169.254/16|*.169.254/16" />
    <property name="ftp.nonProxyHosts" value="local|*.local|169.254/16|*.169.254/16" />
    <property name="compiler.max.memory" value="128m" />
    <property name="user.home" value="/Users/Tonyx" />
    <property name="java.specification.vendor" value="Sun Microsystems Inc." />
    <property name="project.jdk.home" value="/System/Library/Java/JavaVirtualMachines/1.6.0.jdk/Contents/Home" />
    <property name="java.library.path" value=".:/Library/Java/Extensions:/System/Library/Java/Extensions:/usr/lib/java" />
    <property name="java.vendor.url" value="http://www.apple.com/" />
    <property name="java.vm.vendor" value="Apple Inc." />
    <property name="gopherProxySet" value="false" />
    <property name="jdk.home.1.6" value="/System/Library/Java/JavaVirtualMachines/1.6.0.jdk/Contents/Home" />
    <property name="java.runtime.name" value="Java(TM) SE Runtime Environment" />
    <property name="sun.java.command" value="org.apache.tools.ant.taskdefs.optional.junit.JUnitTestRunner test.it.dbcSample.IncrementerTest filtertrace=true haltOnError=false haltOnFailure=false formatter=org.apache.tools.ant.taskdefs.optional.junit.SummaryJUnitResultFormatter showoutput=false outputtoformatters=true logfailedtests=true logtestlistenerevents=false formatter=org.apache.tools.ant.taskdefs.optional.junit.XMLJUnitResultFormatter,/Users/Tonyx/gitProjects/dbcWalletAndMoney/testreports/TEST-test.it.dbcSample.IncrementerTest.xml crashfile=/Users/Tonyx/gitProjects/dbcWalletAndMoney/junitvmwatcher1383439764240054680.properties propsfile=/Users/Tonyx/gitProjects/dbcWalletAndMoney/junit5207188044001434236.properties" />
    <property name="java.class.path" value="/usr/share/ant/lib/ant-launcher.jar:/usr/share/ant/lib/ant-antlr.jar:/usr/share/ant/lib/ant-jmf.jar:/usr/share/ant/lib/ant-junit.jar:/usr/share/ant/lib/ant-junit4.jar:/usr/share/ant/lib/ant-swing.jar:/usr/share/ant/lib/ant-testutil.jar:/usr/share/ant/lib/ant.jar:/Users/Tonyx/gitProjects/dbcWalletAndMoney/out/production/dbcSample:/Users/Tonyx/gitProjects/dbcWalletAndMoney/lib/mockito-all-1.8.5.jar:/Users/Tonyx/gitProjects/dbcWalletAndMoney/lib/hamcrest-all-1.3.jar:/Users/Tonyx/gitProjects/dbcWalletAndMoney/lib/cofoja-1.0-r139.jar:/Users/Tonyx/gitProjects/dbcWalletAndMoney/lib/junit-4.11.jar:/usr/share/java/ant-1.8.2/lib/ant-launcher.jar:/Users/Tonyx/gitProjects/dbcWalletAndMoney/lib/cofoja-1.0-r139.jar" />
    <property name="ant.version" value="Apache Ant(TM) version 1.8.2 compiled on June 16 2012" />
    <property name="java.vm.specification.name" value="Java Virtual Machine Specification" />
    <property name="ant.file.type" value="file" />
    <property name="dbcsample.testoutput.dir" value="/Users/Tonyx/gitProjects/dbcWalletAndMoney/out/test/dbcSample" />
    <property name="java.vm.specification.version" value="1.0" />
    <property name="sun.cpu.endian" value="little" />
    <property name="sun.os.patch.level" value="unknown" />
    <property name="java.io.tmpdir" value="/var/folders/4j/vn2chkcn43s3sb486fm707rm0000gn/T/" />
    <property name="java.vendor.url.bug" value="http://bugreport.apple.com/" />
    <property name="mrj.build" value="11M4406" />
    <property name="java.awt.graphicsenv" value="apple.awt.CGraphicsEnvironment" />
    <property name="os.arch" value="x86_64" />
    <property name="compiler.generate.no.warnings" value="off" />
    <property name="java.ext.dirs" value="/Library/Java/Extensions:/System/Library/Java/Extensions:/System/Library/Java/JavaVirtualMachines/1.6.0.jdk/Contents/Home/lib/ext" />
    <property name="user.dir" value="/Users/Tonyx/gitProjects/dbcWalletAndMoney" />
    <property name="mrj.version" value="1070.1.6.0_45-451" />
    <property name="line.separator" value="&#xa;" />
    <property name="java.vm.name" value="Java HotSpot(TM) 64-Bit Server VM" />
    <property name="basedir" value="/Users/Tonyx/gitProjects/dbcWalletAndMoney" />
    <property name="compiler.args.dbcsample" value="-processor com.google.java.contract.core.apt.AnnotationProcessor" />
    <property name="ant.java.version" value="1.6" />
    <property name="ant.core.lib" value="/usr/share/ant/lib/ant.jar" />
    <property name="file.encoding" value="MacRoman" />
    <property name="java.specification.version" value="1.6" />
    <property name="ant.project.invoked-targets" value="unittest" />
  </properties>
  <testcase classname="test.it.dbcSample.IncrementerTest" name="listTest" time="0.0090">
    <failure message="expected:&lt;1&gt; but was:&lt;0&gt;" type="junit.framework.AssertionFailedError">junit.framework.AssertionFailedError: expected:&lt;1&gt; but was:&lt;0&gt;
	at test.it.dbcSample.IncrementerTest.listTest(IncrementerTest.java:35)
</failure>
  </testcase>
  <system-out><![CDATA[]]></system-out>
  <system-err><![CDATA[]]></system-err>
</testsuite>
